<?xml version="1.0" encoding="UTF-8"?>
<!-- Generated by org.testng.reporters.JUnitXMLReporter -->
<testsuite ignored="0" hostname="Shubham" failures="0" tests="10" name="reg login test case" time="0.121" errors="0" timestamp="2023-06-14T13:35:16 IST">
  <testcase classname="Com.TestNGa.TestA" name="aTest1" time="0.017"/>
  <testcase classname="Com.TestNGa.TestA" name="aTest2" time="0.002"/>
  <testcase classname="Com.TestNGa.TestA" name="aTest3" time="0.003"/>
  <testcase classname="Com.TestNGa.TestA" name="aTest4" time="0.001"/>
  <testcase classname="Com.TestNGa.TestA" name="aTest5" time="0.002"/>
  <testcase classname="Com.TestNGa.Test2" name="aTesta" time="0.002"/>
  <testcase classname="Com.TestNGa.Test2" name="aTestb" time="0.001"/>
  <testcase classname="Com.TestNGa.Test2" name="aTestc" time="0.002"/>
  <testcase classname="Com.TestNGa.Test2" name="aTestd" time="0.001"/>
  <testcase classname="Com.TestNGa.Test2" name="aTeste" time="0.004"/>
</testsuite> <!-- reg login test case -->
