<?xml version="1.0" encoding="UTF-8"?>
<!-- Generated by org.testng.reporters.JUnitXMLReporter -->
<testsuite ignored="0" hostname="Shubham" failures="0" tests="5" name="GRP-login-test" time="0.089" errors="0" timestamp="2023-06-14T13:28:50 IST">
  <testcase classname="Com.TestNGa.TestA" name="aTest1" time="0.017"/>
  <testcase classname="Com.TestNGa.TestA" name="aTest2" time="0.004"/>
  <testcase classname="Com.TestNGa.TestA" name="aTest3" time="0.002"/>
  <testcase classname="Com.TestNGa.TestA" name="aTest4" time="0.001"/>
  <testcase classname="Com.TestNGa.TestA" name="aTest5" time="0.003"/>
</testsuite> <!-- GRP-login-test -->
