<?xml version="1.0" encoding="UTF-8"?>
<!-- Generated by org.testng.reporters.JUnitXMLReporter -->
<testsuite ignored="0" hostname="Shubham" failures="0" tests="5" name="GRP-Register-test" time="0.163" errors="0" timestamp="2023-06-19T09:39:00 IST">
  <testcase classname="Com.TestBluestone.Test2" name="aTesta" time="0.026"/>
  <testcase classname="Com.TestBluestone.Test2" name="aTestb" time="0.002"/>
  <testcase classname="Com.TestBluestone.Test2" name="aTestc" time="0.003"/>
  <testcase classname="Com.TestBluestone.Test2" name="aTestd" time="0.003"/>
  <testcase classname="Com.TestBluestone.Test2" name="aTeste" time="0.002"/>
</testsuite> <!-- GRP-Register-test -->
