<?xml version="1.0" encoding="UTF-8"?>
<!-- Generated by org.testng.reporters.JUnitXMLReporter -->
<testsuite ignored="5" hostname="Shubham" failures="0" tests="5" name="GRP-bvt" time="0.15" errors="0" timestamp="2023-06-27T11:50:36 IST">
  <testcase classname="Com.TestBluestone.TestA" name="aTest3" time="0.025"/>
  <testcase classname="Com.TestBluestone.TestA" name="aTest4" time="0.002"/>
  <testcase classname="Com.TestBluestone.TestA" name="aTest5" time="0.003"/>
  <testcase classname="Com.TestBluestone.Test2" name="aTestc" time="0.004"/>
  <testcase classname="Com.TestBluestone.Test2" name="aTestd" time="0.003"/>
  <testcase classname="Com.TestBluestone.Test2" name="aTeste" time="0.0">
    <ignored/>
  </testcase> <!-- aTeste -->
  <testcase classname="Com.TestBluestone.TestA" name="aTest1" time="0.0">
    <ignored/>
  </testcase> <!-- aTest1 -->
  <testcase classname="Com.TestBluestone.Test2" name="aTesta" time="0.0">
    <ignored/>
  </testcase> <!-- aTesta -->
  <testcase classname="Com.TestBluestone.TestA" name="aTest2" time="0.0">
    <ignored/>
  </testcase> <!-- aTest2 -->
  <testcase classname="Com.TestBluestone.Test2" name="aTestb" time="0.0">
    <ignored/>
  </testcase> <!-- aTestb -->
</testsuite> <!-- GRP-bvt -->
