<?xml version="1.0" encoding="UTF-8"?>
<!-- Generated by org.testng.reporters.JUnitXMLReporter -->
<testsuite ignored="1" hostname="Shubham" failures="0" tests="4" name="GRP-regression" time="0.112" errors="0" timestamp="2023-06-14T13:27:37 IST">
  <testcase classname="Com.TestNGa.TestA" name="aTest1" time="0.021"/>
  <testcase classname="Com.TestNGa.TestA" name="aTest2" time="0.004"/>
  <testcase classname="Com.TestNGa.TestA" name="aTest3" time="0.004"/>
  <testcase classname="Com.TestNGa.TestA" name="aTest5" time="0.002"/>
  <testcase classname="Com.TestNGa.TestA" name="aTest4" time="0.0">
    <ignored/>
  </testcase> <!-- aTest4 -->
</testsuite> <!-- GRP-regression -->
