<?xml version="1.0" encoding="UTF-8"?>
<!-- Generated by org.testng.reporters.JUnitXMLReporter -->
<testsuite ignored="2" hostname="Shubham" failures="0" tests="8" name="GRP-bvt,Register-test" time="0.17" errors="0" timestamp="2023-06-19T09:39:52 IST">
  <testcase classname="Com.TestBluestone.TestA" name="aTest3" time="0.025"/>
  <testcase classname="Com.TestBluestone.TestA" name="aTest4" time="0.003"/>
  <testcase classname="Com.TestBluestone.TestA" name="aTest5" time="0.003"/>
  <testcase classname="Com.TestBluestone.Test2" name="aTesta" time="0.002"/>
  <testcase classname="Com.TestBluestone.Test2" name="aTestb" time="0.003"/>
  <testcase classname="Com.TestBluestone.Test2" name="aTestc" time="0.003"/>
  <testcase classname="Com.TestBluestone.Test2" name="aTestd" time="0.001"/>
  <testcase classname="Com.TestBluestone.Test2" name="aTeste" time="0.002"/>
  <testcase classname="Com.TestBluestone.TestA" name="aTest1" time="0.0">
    <ignored/>
  </testcase> <!-- aTest1 -->
  <testcase classname="Com.TestBluestone.TestA" name="aTest2" time="0.0">
    <ignored/>
  </testcase> <!-- aTest2 -->
</testsuite> <!-- GRP-bvt,Register-test -->
