<?xml version="1.0" encoding="UTF-8"?>
<testng-results ignored="0" total="8" passed="8" failed="0" skipped="0">
  <reporter-output>
  </reporter-output>
  <suite started-at="2023-06-29T09:21:39 IST" name="Default suite" finished-at="2023-06-29T09:26:43 IST" duration-ms="303430">
    <groups>
    </groups>
    <test started-at="2023-06-29T09:21:39 IST" name="Default test" finished-at="2023-06-29T09:26:43 IST" duration-ms="303430">
      <class name="Com.TestBluestone.POM_Framework_Test">
        <test-method is-config="true" signature="BeforeTest()[pri:0, instance:Com.TestBluestone.POM_Framework_Test@3f197a46]" started-at="2023-06-29T09:21:39 IST" name="BeforeTest" finished-at="2023-06-29T09:21:46 IST" duration-ms="6921" status="PASS">
          <reporter-output>
          </reporter-output>
        </test-method> <!-- BeforeTest -->
        <test-method signature="TestJ()[pri:0, instance:Com.TestBluestone.POM_Framework_Test@3f197a46]" started-at="2023-06-29T09:21:46 IST" name="TestJ" finished-at="2023-06-29T09:22:08 IST" duration-ms="21415" status="PASS">
          <reporter-output>
          </reporter-output>
        </test-method> <!-- TestJ -->
        <test-method is-config="true" signature="TestAfter()[pri:0, instance:Com.TestBluestone.POM_Framework_Test@3f197a46]" started-at="2023-06-29T09:22:08 IST" name="TestAfter" finished-at="2023-06-29T09:22:08 IST" duration-ms="160" status="PASS">
          <reporter-output>
          </reporter-output>
        </test-method> <!-- TestAfter -->
        <test-method is-config="true" signature="BeforeTest()[pri:0, instance:Com.TestBluestone.POM_Framework_Test@3f197a46]" started-at="2023-06-29T09:22:08 IST" name="BeforeTest" finished-at="2023-06-29T09:22:23 IST" duration-ms="14773" status="PASS">
          <reporter-output>
          </reporter-output>
        </test-method> <!-- BeforeTest -->
        <test-method signature="testF()[pri:1, instance:Com.TestBluestone.POM_Framework_Test@3f197a46]" started-at="2023-06-29T09:22:23 IST" name="testF" finished-at="2023-06-29T09:22:48 IST" duration-ms="24940" status="PASS">
          <reporter-output>
          </reporter-output>
        </test-method> <!-- testF -->
        <test-method is-config="true" signature="TestAfter()[pri:0, instance:Com.TestBluestone.POM_Framework_Test@3f197a46]" started-at="2023-06-29T09:22:48 IST" name="TestAfter" finished-at="2023-06-29T09:22:48 IST" duration-ms="166" status="PASS">
          <reporter-output>
          </reporter-output>
        </test-method> <!-- TestAfter -->
        <test-method is-config="true" signature="BeforeTest()[pri:0, instance:Com.TestBluestone.POM_Framework_Test@3f197a46]" started-at="2023-06-29T09:22:48 IST" name="BeforeTest" finished-at="2023-06-29T09:22:53 IST" duration-ms="5123" status="PASS">
          <reporter-output>
          </reporter-output>
        </test-method> <!-- BeforeTest -->
        <test-method signature="testG()[pri:2, instance:Com.TestBluestone.POM_Framework_Test@3f197a46]" started-at="2023-06-29T09:22:53 IST" name="testG" finished-at="2023-06-29T09:23:00 IST" duration-ms="7403" status="PASS">
          <reporter-output>
          </reporter-output>
        </test-method> <!-- testG -->
        <test-method is-config="true" signature="TestAfter()[pri:0, instance:Com.TestBluestone.POM_Framework_Test@3f197a46]" started-at="2023-06-29T09:23:00 IST" name="TestAfter" finished-at="2023-06-29T09:23:00 IST" duration-ms="160" status="PASS">
          <reporter-output>
          </reporter-output>
        </test-method> <!-- TestAfter -->
        <test-method is-config="true" signature="BeforeTest()[pri:0, instance:Com.TestBluestone.POM_Framework_Test@3f197a46]" started-at="2023-06-29T09:23:00 IST" name="BeforeTest" finished-at="2023-06-29T09:23:14 IST" duration-ms="13636" status="PASS">
          <reporter-output>
          </reporter-output>
        </test-method> <!-- BeforeTest -->
        <test-method signature="TestC()[pri:3, instance:Com.TestBluestone.POM_Framework_Test@3f197a46]" started-at="2023-06-29T09:23:14 IST" name="TestC" finished-at="2023-06-29T09:23:30 IST" duration-ms="15739" status="PASS">
          <reporter-output>
          </reporter-output>
        </test-method> <!-- TestC -->
        <test-method is-config="true" signature="TestAfter()[pri:0, instance:Com.TestBluestone.POM_Framework_Test@3f197a46]" started-at="2023-06-29T09:23:30 IST" name="TestAfter" finished-at="2023-06-29T09:23:30 IST" duration-ms="169" status="PASS">
          <reporter-output>
          </reporter-output>
        </test-method> <!-- TestAfter -->
        <test-method is-config="true" signature="BeforeTest()[pri:0, instance:Com.TestBluestone.POM_Framework_Test@3f197a46]" started-at="2023-06-29T09:23:30 IST" name="BeforeTest" finished-at="2023-06-29T09:24:04 IST" duration-ms="33464" status="PASS">
          <reporter-output>
          </reporter-output>
        </test-method> <!-- BeforeTest -->
        <test-method signature="TestD()[pri:4, instance:Com.TestBluestone.POM_Framework_Test@3f197a46]" started-at="2023-06-29T09:24:04 IST" name="TestD" finished-at="2023-06-29T09:24:15 IST" duration-ms="11291" status="PASS">
          <reporter-output>
          </reporter-output>
        </test-method> <!-- TestD -->
        <test-method is-config="true" signature="TestAfter()[pri:0, instance:Com.TestBluestone.POM_Framework_Test@3f197a46]" started-at="2023-06-29T09:24:15 IST" name="TestAfter" finished-at="2023-06-29T09:24:15 IST" duration-ms="189" status="PASS">
          <reporter-output>
          </reporter-output>
        </test-method> <!-- TestAfter -->
        <test-method is-config="true" signature="BeforeTest()[pri:0, instance:Com.TestBluestone.POM_Framework_Test@3f197a46]" started-at="2023-06-29T09:24:15 IST" name="BeforeTest" finished-at="2023-06-29T09:24:49 IST" duration-ms="34034" status="PASS">
          <reporter-output>
          </reporter-output>
        </test-method> <!-- BeforeTest -->
        <test-method signature="testE()[pri:5, instance:Com.TestBluestone.POM_Framework_Test@3f197a46]" started-at="2023-06-29T09:24:49 IST" name="testE" finished-at="2023-06-29T09:25:00 IST" duration-ms="10853" status="PASS">
          <reporter-output>
          </reporter-output>
        </test-method> <!-- testE -->
        <test-method is-config="true" signature="TestAfter()[pri:0, instance:Com.TestBluestone.POM_Framework_Test@3f197a46]" started-at="2023-06-29T09:25:00 IST" name="TestAfter" finished-at="2023-06-29T09:25:00 IST" duration-ms="222" status="PASS">
          <reporter-output>
          </reporter-output>
        </test-method> <!-- TestAfter -->
        <test-method is-config="true" signature="BeforeTest()[pri:0, instance:Com.TestBluestone.POM_Framework_Test@3f197a46]" started-at="2023-06-29T09:25:00 IST" name="BeforeTest" finished-at="2023-06-29T09:25:51 IST" duration-ms="50546" status="PASS">
          <reporter-output>
          </reporter-output>
        </test-method> <!-- BeforeTest -->
        <test-method signature="testH()[pri:6, instance:Com.TestBluestone.POM_Framework_Test@3f197a46]" started-at="2023-06-29T09:25:51 IST" name="testH" finished-at="2023-06-29T09:26:13 IST" duration-ms="22264" status="PASS">
          <reporter-output>
          </reporter-output>
        </test-method> <!-- testH -->
        <test-method is-config="true" signature="TestAfter()[pri:0, instance:Com.TestBluestone.POM_Framework_Test@3f197a46]" started-at="2023-06-29T09:26:13 IST" name="TestAfter" finished-at="2023-06-29T09:26:13 IST" duration-ms="265" status="PASS">
          <reporter-output>
          </reporter-output>
        </test-method> <!-- TestAfter -->
        <test-method is-config="true" signature="BeforeTest()[pri:0, instance:Com.TestBluestone.POM_Framework_Test@3f197a46]" started-at="2023-06-29T09:26:13 IST" name="BeforeTest" finished-at="2023-06-29T09:26:29 IST" duration-ms="15664" status="PASS">
          <reporter-output>
          </reporter-output>
        </test-method> <!-- BeforeTest -->
        <test-method signature="TestI()[pri:7, instance:Com.TestBluestone.POM_Framework_Test@3f197a46]" started-at="2023-06-29T09:26:29 IST" name="TestI" finished-at="2023-06-29T09:26:43 IST" duration-ms="13642" status="PASS">
          <reporter-output>
          </reporter-output>
        </test-method> <!-- TestI -->
        <test-method is-config="true" signature="TestAfter()[pri:0, instance:Com.TestBluestone.POM_Framework_Test@3f197a46]" started-at="2023-06-29T09:26:43 IST" name="TestAfter" finished-at="2023-06-29T09:26:43 IST" duration-ms="178" status="PASS">
          <reporter-output>
          </reporter-output>
        </test-method> <!-- TestAfter -->
      </class> <!-- Com.TestBluestone.POM_Framework_Test -->
    </test> <!-- Default test -->
  </suite> <!-- Default suite -->
</testng-results>
